WARNING: A terminally deprecated method in sun.misc.Unsafe has been called
WARNING: sun.misc.Unsafe::staticFieldBase has been called by com.google.inject.internal.aop.HiddenClassDefiner (file:/home/jose/.m2/wrapper/dists/apache-maven-3.9.11/a2d47e15/lib/guice-5.1.0-classes.jar)
WARNING: Please consider reporting this to the maintainers of class com.google.inject.internal.aop.HiddenClassDefiner
WARNING: sun.misc.Unsafe::staticFieldBase will be removed in a future release
[INFO] Scanning for projects...
[INFO] 
[INFO] -----------------------< dev.jose:healflow-api >------------------------
[INFO] Building healflow-api 0.0.1-SNAPSHOT
[INFO]   from pom.xml
[INFO] --------------------------------[ jar ]---------------------------------
[INFO] 
[INFO] --- clean:3.4.1:clean (default-clean) @ healflow-api ---
[INFO] Deleting /home/jose/workspace/dev/hospital-management-application/healflow-api/target
[INFO] 
[INFO] --- openapi-generator:7.17.0:generate (generate-medicines-client) @ healflow-api ---
[INFO] Generating with dryRun=false
[INFO] Output directory (/home/jose/workspace/dev/hospital-management-application/healflow-api/target/generated-sources/openapi) does not exist, or is inaccessible. No file (.openapi-generator-ignore) will be evaluated.
[INFO] OpenAPI Generator: java (client)
[INFO] Generator 'java' is considered stable.
[INFO] Environment variable JAVA_POST_PROCESS_FILE not defined so the Java code may not be properly formatted. To define it, try 'export JAVA_POST_PROCESS_FILE="/usr/local/bin/clang-format -i"' (Linux/Mac)
[INFO] NOTE: To enable file post-processing, 'enablePostProcessFile' must be set to `true` (--enable-post-process-file for CLI).
[INFO] Inline schema created as StatsResponse_byCategory. To have complete control of the model name, set the `title` field or use the modelNameMapping option (e.g. --model-name-mappings StatsResponse_byCategory=NewModel,ModelA=NewModelA in CLI) or inlineSchemaNameMapping option (--inline-schema-name-mappings StatsResponse_byCategory=NewModel,ModelA=NewModelA in CLI).
[INFO] Inline schema created as StatsResponse_byStatus. To have complete control of the model name, set the `title` field or use the modelNameMapping option (e.g. --model-name-mappings StatsResponse_byStatus=NewModel,ModelA=NewModelA in CLI) or inlineSchemaNameMapping option (--inline-schema-name-mappings StatsResponse_byStatus=NewModel,ModelA=NewModelA in CLI).
[INFO] Processing operation getHealth
[INFO] Processing operation getMedicines
[INFO] Processing operation getMedicinesStats
[INFO] Processing operation getMedicinesFieldsByFieldName
[INFO] Processing operation getMedicinesById
[INFO] 'host' (OAS 2.0) or 'servers' (OAS 3.0) not defined in the spec. Default to [http://localhost] for server URL [http://localhost/]
[INFO] 'host' (OAS 2.0) or 'servers' (OAS 3.0) not defined in the spec. Default to [http://localhost] for server URL [http://localhost/]
[INFO] writing file /home/jose/workspace/dev/hospital-management-application/healflow-api/target/generated-sources/openapi/src/main/java/dev/jose/medicines/model/ErrorResponseDTO.java
[INFO] writing file /home/jose/workspace/dev/hospital-management-application/healflow-api/target/generated-sources/openapi/src/test/java/dev/jose/medicines/model/ErrorResponseDTOTest.java
[INFO] writing file /home/jose/workspace/dev/hospital-management-application/healflow-api/target/generated-sources/openapi/docs/ErrorResponseDTO.md
[INFO] writing file /home/jose/workspace/dev/hospital-management-application/healflow-api/target/generated-sources/openapi/src/main/java/dev/jose/medicines/model/FieldValuesResponseDTO.java
[INFO] writing file /home/jose/workspace/dev/hospital-management-application/healflow-api/target/generated-sources/openapi/src/test/java/dev/jose/medicines/model/FieldValuesResponseDTOTest.java
[INFO] writing file /home/jose/workspace/dev/hospital-management-application/healflow-api/target/generated-sources/openapi/docs/FieldValuesResponseDTO.md
[INFO] writing file /home/jose/workspace/dev/hospital-management-application/healflow-api/target/generated-sources/openapi/src/main/java/dev/jose/medicines/model/HealthResponseDTO.java
[INFO] writing file /home/jose/workspace/dev/hospital-management-application/healflow-api/target/generated-sources/openapi/src/test/java/dev/jose/medicines/model/HealthResponseDTOTest.java
[INFO] writing file /home/jose/workspace/dev/hospital-management-application/healflow-api/target/generated-sources/openapi/docs/HealthResponseDTO.md
[INFO] writing file /home/jose/workspace/dev/hospital-management-application/healflow-api/target/generated-sources/openapi/src/main/java/dev/jose/medicines/model/MedicineDTO.java
[INFO] writing file /home/jose/workspace/dev/hospital-management-application/healflow-api/target/generated-sources/openapi/src/test/java/dev/jose/medicines/model/MedicineDTOTest.java
[INFO] writing file /home/jose/workspace/dev/hospital-management-application/healflow-api/target/generated-sources/openapi/docs/MedicineDTO.md
[INFO] writing file /home/jose/workspace/dev/hospital-management-application/healflow-api/target/generated-sources/openapi/src/main/java/dev/jose/medicines/model/PaginatedMedicinesResponseDTO.java
[INFO] writing file /home/jose/workspace/dev/hospital-management-application/healflow-api/target/generated-sources/openapi/src/test/java/dev/jose/medicines/model/PaginatedMedicinesResponseDTOTest.java
[INFO] writing file /home/jose/workspace/dev/hospital-management-application/healflow-api/target/generated-sources/openapi/docs/PaginatedMedicinesResponseDTO.md
[INFO] writing file /home/jose/workspace/dev/hospital-management-application/healflow-api/target/generated-sources/openapi/src/main/java/dev/jose/medicines/model/PaginationMetadataDTO.java
[INFO] writing file /home/jose/workspace/dev/hospital-management-application/healflow-api/target/generated-sources/openapi/src/test/java/dev/jose/medicines/model/PaginationMetadataDTOTest.java
[INFO] writing file /home/jose/workspace/dev/hospital-management-application/healflow-api/target/generated-sources/openapi/docs/PaginationMetadataDTO.md
[INFO] writing file /home/jose/workspace/dev/hospital-management-application/healflow-api/target/generated-sources/openapi/src/main/java/dev/jose/medicines/model/StatsResponseByCategoryDTO.java
[INFO] writing file /home/jose/workspace/dev/hospital-management-application/healflow-api/target/generated-sources/openapi/src/test/java/dev/jose/medicines/model/StatsResponseByCategoryDTOTest.java
[INFO] writing file /home/jose/workspace/dev/hospital-management-application/healflow-api/target/generated-sources/openapi/docs/StatsResponseByCategoryDTO.md
[INFO] writing file /home/jose/workspace/dev/hospital-management-application/healflow-api/target/generated-sources/openapi/src/main/java/dev/jose/medicines/model/StatsResponseByStatusDTO.java
[INFO] writing file /home/jose/workspace/dev/hospital-management-application/healflow-api/target/generated-sources/openapi/src/test/java/dev/jose/medicines/model/StatsResponseByStatusDTOTest.java
[INFO] writing file /home/jose/workspace/dev/hospital-management-application/healflow-api/target/generated-sources/openapi/docs/StatsResponseByStatusDTO.md
[INFO] writing file /home/jose/workspace/dev/hospital-management-application/healflow-api/target/generated-sources/openapi/src/main/java/dev/jose/medicines/model/StatsResponseDTO.java
[INFO] writing file /home/jose/workspace/dev/hospital-management-application/healflow-api/target/generated-sources/openapi/src/test/java/dev/jose/medicines/model/StatsResponseDTOTest.java
[INFO] writing file /home/jose/workspace/dev/hospital-management-application/healflow-api/target/generated-sources/openapi/docs/StatsResponseDTO.md
[INFO] 'host' (OAS 2.0) or 'servers' (OAS 3.0) not defined in the spec. Default to [http://localhost] for server URL [http://localhost/]
[INFO] writing file /home/jose/workspace/dev/hospital-management-application/healflow-api/target/generated-sources/openapi/src/main/java/dev/jose/medicines/api/HealthApi.java
[INFO] writing file /home/jose/workspace/dev/hospital-management-application/healflow-api/target/generated-sources/openapi/src/test/java/dev/jose/medicines/api/HealthApiTest.java
[INFO] writing file /home/jose/workspace/dev/hospital-management-application/healflow-api/target/generated-sources/openapi/docs/HealthApi.md
[INFO] 'host' (OAS 2.0) or 'servers' (OAS 3.0) not defined in the spec. Default to [http://localhost] for server URL [http://localhost/]
[INFO] writing file /home/jose/workspace/dev/hospital-management-application/healflow-api/target/generated-sources/openapi/src/main/java/dev/jose/medicines/api/MedicinesApi.java
[INFO] writing file /home/jose/workspace/dev/hospital-management-application/healflow-api/target/generated-sources/openapi/src/test/java/dev/jose/medicines/api/MedicinesApiTest.java
[INFO] writing file /home/jose/workspace/dev/hospital-management-application/healflow-api/target/generated-sources/openapi/docs/MedicinesApi.md
[INFO] 'host' (OAS 2.0) or 'servers' (OAS 3.0) not defined in the spec. Default to [http://localhost] for server URL [http://localhost/]
[INFO] writing file /home/jose/workspace/dev/hospital-management-application/healflow-api/target/generated-sources/openapi/src/main/java/dev/jose/medicines/api/StatisticsApi.java
[INFO] writing file /home/jose/workspace/dev/hospital-management-application/healflow-api/target/generated-sources/openapi/src/test/java/dev/jose/medicines/api/StatisticsApiTest.java
[INFO] writing file /home/jose/workspace/dev/hospital-management-application/healflow-api/target/generated-sources/openapi/docs/StatisticsApi.md
[INFO] Skipping generation of Webhooks.
[INFO] 'host' (OAS 2.0) or 'servers' (OAS 3.0) not defined in the spec. Default to [http://localhost] for server URL [http://localhost/]
[INFO] writing file /home/jose/workspace/dev/hospital-management-application/healflow-api/target/generated-sources/openapi/pom.xml
[INFO] writing file /home/jose/workspace/dev/hospital-management-application/healflow-api/target/generated-sources/openapi/README.md
[INFO] writing file /home/jose/workspace/dev/hospital-management-application/healflow-api/target/generated-sources/openapi/build.gradle
[INFO] writing file /home/jose/workspace/dev/hospital-management-application/healflow-api/target/generated-sources/openapi/build.sbt
[INFO] writing file /home/jose/workspace/dev/hospital-management-application/healflow-api/target/generated-sources/openapi/settings.gradle
[INFO] writing file /home/jose/workspace/dev/hospital-management-application/healflow-api/target/generated-sources/openapi/gradle.properties
[INFO] writing file /home/jose/workspace/dev/hospital-management-application/healflow-api/target/generated-sources/openapi/src/main/AndroidManifest.xml
[INFO] writing file /home/jose/workspace/dev/hospital-management-application/healflow-api/target/generated-sources/openapi/.travis.yml
[INFO] writing file /home/jose/workspace/dev/hospital-management-application/healflow-api/target/generated-sources/openapi/src/main/java/dev/jose/medicines/client/ApiClient.java
[INFO] writing file /home/jose/workspace/dev/hospital-management-application/healflow-api/target/generated-sources/openapi/src/main/java/dev/jose/medicines/client/ServerConfiguration.java
[INFO] writing file /home/jose/workspace/dev/hospital-management-application/healflow-api/target/generated-sources/openapi/src/main/java/dev/jose/medicines/client/ServerVariable.java
[INFO] writing file /home/jose/workspace/dev/hospital-management-application/healflow-api/target/generated-sources/openapi/.github/workflows/maven.yml
[INFO] writing file /home/jose/workspace/dev/hospital-management-application/healflow-api/target/generated-sources/openapi/api/openapi.yaml
[INFO] writing file /home/jose/workspace/dev/hospital-management-application/healflow-api/target/generated-sources/openapi/src/main/java/dev/jose/medicines/client/JavaTimeFormatter.java
[INFO] writing file /home/jose/workspace/dev/hospital-management-application/healflow-api/target/generated-sources/openapi/src/main/java/dev/jose/medicines/client/StringUtil.java
[INFO] writing file /home/jose/workspace/dev/hospital-management-application/healflow-api/target/generated-sources/openapi/src/main/java/dev/jose/medicines/client/auth/HttpBasicAuth.java
[INFO] writing file /home/jose/workspace/dev/hospital-management-application/healflow-api/target/generated-sources/openapi/src/main/java/dev/jose/medicines/client/auth/HttpBearerAuth.java
[INFO] writing file /home/jose/workspace/dev/hospital-management-application/healflow-api/target/generated-sources/openapi/src/main/java/dev/jose/medicines/client/auth/ApiKeyAuth.java
[INFO] writing file /home/jose/workspace/dev/hospital-management-application/healflow-api/target/generated-sources/openapi/gradlew
[INFO] writing file /home/jose/workspace/dev/hospital-management-application/healflow-api/target/generated-sources/openapi/gradlew.bat
[INFO] writing file /home/jose/workspace/dev/hospital-management-application/healflow-api/target/generated-sources/openapi/gradle/wrapper/gradle-wrapper.properties
[INFO] writing file /home/jose/workspace/dev/hospital-management-application/healflow-api/target/generated-sources/openapi/gradle/wrapper/gradle-wrapper.jar
[INFO] writing file /home/jose/workspace/dev/hospital-management-application/healflow-api/target/generated-sources/openapi/git_push.sh
[INFO] writing file /home/jose/workspace/dev/hospital-management-application/healflow-api/target/generated-sources/openapi/.gitignore
[INFO] writing file /home/jose/workspace/dev/hospital-management-application/healflow-api/target/generated-sources/openapi/src/main/java/dev/jose/medicines/client/auth/Authentication.java
[INFO] writing file /home/jose/workspace/dev/hospital-management-application/healflow-api/target/generated-sources/openapi/src/main/java/dev/jose/medicines/client/RFC3339DateFormat.java
[INFO] writing file /home/jose/workspace/dev/hospital-management-application/healflow-api/target/generated-sources/openapi/src/main/java/dev/jose/medicines/client/RFC3339InstantDeserializer.java
[INFO] writing file /home/jose/workspace/dev/hospital-management-application/healflow-api/target/generated-sources/openapi/src/main/java/dev/jose/medicines/client/RFC3339JavaTimeModule.java
[INFO] writing file /home/jose/workspace/dev/hospital-management-application/healflow-api/target/generated-sources/openapi/.openapi-generator-ignore
[INFO] writing file /home/jose/workspace/dev/hospital-management-application/healflow-api/target/generated-sources/openapi/.openapi-generator/VERSION
[INFO] writing file /home/jose/workspace/dev/hospital-management-application/healflow-api/target/generated-sources/openapi/.openapi-generator/FILES
############################################################################################
# Thanks for using OpenAPI Generator.                                                      #
# We appreciate your support! Please consider donation to help us maintain this project.   #
# https://opencollective.com/openapi_generator/donate                                      #
############################################################################################
[INFO] 
[INFO] --- resources:3.3.1:resources (default-resources) @ healflow-api ---
[INFO] Copying 2 resources from src/main/resources to target/classes
[INFO] Copying 0 resource from src/main/resources to target/classes
[INFO] 
[INFO] --- compiler:3.14.0:compile (default-compile) @ healflow-api ---
[INFO] Recompiling the module because of changed source code.
[INFO] Compiling 120 source files with javac [debug parameters release 25] to target/classes
[INFO] 
[INFO] >>> spring-boot:3.5.6:run (default-cli) > test-compile @ healflow-api >>>
[INFO] 
[INFO] --- openapi-generator:7.17.0:generate (generate-medicines-client) @ healflow-api ---
[INFO] Generating with dryRun=false
[INFO] OpenAPI Generator: java (client)
[INFO] Generator 'java' is considered stable.
[INFO] Environment variable JAVA_POST_PROCESS_FILE not defined so the Java code may not be properly formatted. To define it, try 'export JAVA_POST_PROCESS_FILE="/usr/local/bin/clang-format -i"' (Linux/Mac)
[INFO] NOTE: To enable file post-processing, 'enablePostProcessFile' must be set to `true` (--enable-post-process-file for CLI).
[INFO] Inline schema created as StatsResponse_byCategory. To have complete control of the model name, set the `title` field or use the modelNameMapping option (e.g. --model-name-mappings StatsResponse_byCategory=NewModel,ModelA=NewModelA in CLI) or inlineSchemaNameMapping option (--inline-schema-name-mappings StatsResponse_byCategory=NewModel,ModelA=NewModelA in CLI).
[INFO] Inline schema created as StatsResponse_byStatus. To have complete control of the model name, set the `title` field or use the modelNameMapping option (e.g. --model-name-mappings StatsResponse_byStatus=NewModel,ModelA=NewModelA in CLI) or inlineSchemaNameMapping option (--inline-schema-name-mappings StatsResponse_byStatus=NewModel,ModelA=NewModelA in CLI).
[INFO] Processing operation getHealth
[INFO] Processing operation getMedicines
[INFO] Processing operation getMedicinesStats
[INFO] Processing operation getMedicinesFieldsByFieldName
[INFO] Processing operation getMedicinesById
[INFO] 'host' (OAS 2.0) or 'servers' (OAS 3.0) not defined in the spec. Default to [http://localhost] for server URL [http://localhost/]
[INFO] 'host' (OAS 2.0) or 'servers' (OAS 3.0) not defined in the spec. Default to [http://localhost] for server URL [http://localhost/]
[INFO] writing file /home/jose/workspace/dev/hospital-management-application/healflow-api/target/generated-sources/openapi/src/main/java/dev/jose/medicines/model/ErrorResponseDTO.java
[INFO] Skipped /home/jose/workspace/dev/hospital-management-application/healflow-api/target/generated-sources/openapi/src/test/java/dev/jose/medicines/model/ErrorResponseDTOTest.java (Test files never overwrite an existing file of the same name.)
[INFO] writing file /home/jose/workspace/dev/hospital-management-application/healflow-api/target/generated-sources/openapi/docs/ErrorResponseDTO.md
[INFO] writing file /home/jose/workspace/dev/hospital-management-application/healflow-api/target/generated-sources/openapi/src/main/java/dev/jose/medicines/model/FieldValuesResponseDTO.java
[INFO] Skipped /home/jose/workspace/dev/hospital-management-application/healflow-api/target/generated-sources/openapi/src/test/java/dev/jose/medicines/model/FieldValuesResponseDTOTest.java (Test files never overwrite an existing file of the same name.)
[INFO] writing file /home/jose/workspace/dev/hospital-management-application/healflow-api/target/generated-sources/openapi/docs/FieldValuesResponseDTO.md
[INFO] writing file /home/jose/workspace/dev/hospital-management-application/healflow-api/target/generated-sources/openapi/src/main/java/dev/jose/medicines/model/HealthResponseDTO.java
[INFO] Skipped /home/jose/workspace/dev/hospital-management-application/healflow-api/target/generated-sources/openapi/src/test/java/dev/jose/medicines/model/HealthResponseDTOTest.java (Test files never overwrite an existing file of the same name.)
[INFO] writing file /home/jose/workspace/dev/hospital-management-application/healflow-api/target/generated-sources/openapi/docs/HealthResponseDTO.md
[INFO] writing file /home/jose/workspace/dev/hospital-management-application/healflow-api/target/generated-sources/openapi/src/main/java/dev/jose/medicines/model/MedicineDTO.java
[INFO] Skipped /home/jose/workspace/dev/hospital-management-application/healflow-api/target/generated-sources/openapi/src/test/java/dev/jose/medicines/model/MedicineDTOTest.java (Test files never overwrite an existing file of the same name.)
[INFO] writing file /home/jose/workspace/dev/hospital-management-application/healflow-api/target/generated-sources/openapi/docs/MedicineDTO.md
[INFO] writing file /home/jose/workspace/dev/hospital-management-application/healflow-api/target/generated-sources/openapi/src/main/java/dev/jose/medicines/model/PaginatedMedicinesResponseDTO.java
[INFO] Skipped /home/jose/workspace/dev/hospital-management-application/healflow-api/target/generated-sources/openapi/src/test/java/dev/jose/medicines/model/PaginatedMedicinesResponseDTOTest.java (Test files never overwrite an existing file of the same name.)
[INFO] writing file /home/jose/workspace/dev/hospital-management-application/healflow-api/target/generated-sources/openapi/docs/PaginatedMedicinesResponseDTO.md
[INFO] writing file /home/jose/workspace/dev/hospital-management-application/healflow-api/target/generated-sources/openapi/src/main/java/dev/jose/medicines/model/PaginationMetadataDTO.java
[INFO] Skipped /home/jose/workspace/dev/hospital-management-application/healflow-api/target/generated-sources/openapi/src/test/java/dev/jose/medicines/model/PaginationMetadataDTOTest.java (Test files never overwrite an existing file of the same name.)
[INFO] writing file /home/jose/workspace/dev/hospital-management-application/healflow-api/target/generated-sources/openapi/docs/PaginationMetadataDTO.md
[INFO] writing file /home/jose/workspace/dev/hospital-management-application/healflow-api/target/generated-sources/openapi/src/main/java/dev/jose/medicines/model/StatsResponseByCategoryDTO.java
[INFO] Skipped /home/jose/workspace/dev/hospital-management-application/healflow-api/target/generated-sources/openapi/src/test/java/dev/jose/medicines/model/StatsResponseByCategoryDTOTest.java (Test files never overwrite an existing file of the same name.)
[INFO] writing file /home/jose/workspace/dev/hospital-management-application/healflow-api/target/generated-sources/openapi/docs/StatsResponseByCategoryDTO.md
[INFO] writing file /home/jose/workspace/dev/hospital-management-application/healflow-api/target/generated-sources/openapi/src/main/java/dev/jose/medicines/model/StatsResponseByStatusDTO.java
[INFO] Skipped /home/jose/workspace/dev/hospital-management-application/healflow-api/target/generated-sources/openapi/src/test/java/dev/jose/medicines/model/StatsResponseByStatusDTOTest.java (Test files never overwrite an existing file of the same name.)
[INFO] writing file /home/jose/workspace/dev/hospital-management-application/healflow-api/target/generated-sources/openapi/docs/StatsResponseByStatusDTO.md
[INFO] writing file /home/jose/workspace/dev/hospital-management-application/healflow-api/target/generated-sources/openapi/src/main/java/dev/jose/medicines/model/StatsResponseDTO.java
[INFO] Skipped /home/jose/workspace/dev/hospital-management-application/healflow-api/target/generated-sources/openapi/src/test/java/dev/jose/medicines/model/StatsResponseDTOTest.java (Test files never overwrite an existing file of the same name.)
[INFO] writing file /home/jose/workspace/dev/hospital-management-application/healflow-api/target/generated-sources/openapi/docs/StatsResponseDTO.md
[INFO] 'host' (OAS 2.0) or 'servers' (OAS 3.0) not defined in the spec. Default to [http://localhost] for server URL [http://localhost/]
[INFO] writing file /home/jose/workspace/dev/hospital-management-application/healflow-api/target/generated-sources/openapi/src/main/java/dev/jose/medicines/api/HealthApi.java
[INFO] Skipped /home/jose/workspace/dev/hospital-management-application/healflow-api/target/generated-sources/openapi/src/test/java/dev/jose/medicines/api/HealthApiTest.java (Test files never overwrite an existing file of the same name.)
[INFO] writing file /home/jose/workspace/dev/hospital-management-application/healflow-api/target/generated-sources/openapi/docs/HealthApi.md
[INFO] 'host' (OAS 2.0) or 'servers' (OAS 3.0) not defined in the spec. Default to [http://localhost] for server URL [http://localhost/]
[INFO] writing file /home/jose/workspace/dev/hospital-management-application/healflow-api/target/generated-sources/openapi/src/main/java/dev/jose/medicines/api/MedicinesApi.java
[INFO] Skipped /home/jose/workspace/dev/hospital-management-application/healflow-api/target/generated-sources/openapi/src/test/java/dev/jose/medicines/api/MedicinesApiTest.java (Test files never overwrite an existing file of the same name.)
[INFO] writing file /home/jose/workspace/dev/hospital-management-application/healflow-api/target/generated-sources/openapi/docs/MedicinesApi.md
[INFO] 'host' (OAS 2.0) or 'servers' (OAS 3.0) not defined in the spec. Default to [http://localhost] for server URL [http://localhost/]
[INFO] writing file /home/jose/workspace/dev/hospital-management-application/healflow-api/target/generated-sources/openapi/src/main/java/dev/jose/medicines/api/StatisticsApi.java
[INFO] Skipped /home/jose/workspace/dev/hospital-management-application/healflow-api/target/generated-sources/openapi/src/test/java/dev/jose/medicines/api/StatisticsApiTest.java (Test files never overwrite an existing file of the same name.)
[INFO] writing file /home/jose/workspace/dev/hospital-management-application/healflow-api/target/generated-sources/openapi/docs/StatisticsApi.md
[INFO] Skipping generation of Webhooks.
[INFO] 'host' (OAS 2.0) or 'servers' (OAS 3.0) not defined in the spec. Default to [http://localhost] for server URL [http://localhost/]
[INFO] writing file /home/jose/workspace/dev/hospital-management-application/healflow-api/target/generated-sources/openapi/pom.xml
[INFO] writing file /home/jose/workspace/dev/hospital-management-application/healflow-api/target/generated-sources/openapi/README.md
[INFO] writing file /home/jose/workspace/dev/hospital-management-application/healflow-api/target/generated-sources/openapi/build.gradle
[INFO] writing file /home/jose/workspace/dev/hospital-management-application/healflow-api/target/generated-sources/openapi/build.sbt
[INFO] writing file /home/jose/workspace/dev/hospital-management-application/healflow-api/target/generated-sources/openapi/settings.gradle
[INFO] writing file /home/jose/workspace/dev/hospital-management-application/healflow-api/target/generated-sources/openapi/gradle.properties
[INFO] writing file /home/jose/workspace/dev/hospital-management-application/healflow-api/target/generated-sources/openapi/src/main/AndroidManifest.xml
[INFO] writing file /home/jose/workspace/dev/hospital-management-application/healflow-api/target/generated-sources/openapi/.travis.yml
[INFO] writing file /home/jose/workspace/dev/hospital-management-application/healflow-api/target/generated-sources/openapi/src/main/java/dev/jose/medicines/client/ApiClient.java
[INFO] writing file /home/jose/workspace/dev/hospital-management-application/healflow-api/target/generated-sources/openapi/src/main/java/dev/jose/medicines/client/ServerConfiguration.java
[INFO] writing file /home/jose/workspace/dev/hospital-management-application/healflow-api/target/generated-sources/openapi/src/main/java/dev/jose/medicines/client/ServerVariable.java
[INFO] writing file /home/jose/workspace/dev/hospital-management-application/healflow-api/target/generated-sources/openapi/.github/workflows/maven.yml
[INFO] writing file /home/jose/workspace/dev/hospital-management-application/healflow-api/target/generated-sources/openapi/api/openapi.yaml
[INFO] writing file /home/jose/workspace/dev/hospital-management-application/healflow-api/target/generated-sources/openapi/src/main/java/dev/jose/medicines/client/JavaTimeFormatter.java
[INFO] writing file /home/jose/workspace/dev/hospital-management-application/healflow-api/target/generated-sources/openapi/src/main/java/dev/jose/medicines/client/StringUtil.java
[INFO] writing file /home/jose/workspace/dev/hospital-management-application/healflow-api/target/generated-sources/openapi/src/main/java/dev/jose/medicines/client/auth/HttpBasicAuth.java
[INFO] writing file /home/jose/workspace/dev/hospital-management-application/healflow-api/target/generated-sources/openapi/src/main/java/dev/jose/medicines/client/auth/HttpBearerAuth.java
[INFO] writing file /home/jose/workspace/dev/hospital-management-application/healflow-api/target/generated-sources/openapi/src/main/java/dev/jose/medicines/client/auth/ApiKeyAuth.java
[INFO] writing file /home/jose/workspace/dev/hospital-management-application/healflow-api/target/generated-sources/openapi/gradlew
[INFO] writing file /home/jose/workspace/dev/hospital-management-application/healflow-api/target/generated-sources/openapi/gradlew.bat
[INFO] writing file /home/jose/workspace/dev/hospital-management-application/healflow-api/target/generated-sources/openapi/gradle/wrapper/gradle-wrapper.properties
[INFO] writing file /home/jose/workspace/dev/hospital-management-application/healflow-api/target/generated-sources/openapi/gradle/wrapper/gradle-wrapper.jar
[INFO] writing file /home/jose/workspace/dev/hospital-management-application/healflow-api/target/generated-sources/openapi/git_push.sh
[INFO] writing file /home/jose/workspace/dev/hospital-management-application/healflow-api/target/generated-sources/openapi/.gitignore
[INFO] writing file /home/jose/workspace/dev/hospital-management-application/healflow-api/target/generated-sources/openapi/src/main/java/dev/jose/medicines/client/auth/Authentication.java
[INFO] writing file /home/jose/workspace/dev/hospital-management-application/healflow-api/target/generated-sources/openapi/src/main/java/dev/jose/medicines/client/RFC3339DateFormat.java
[INFO] writing file /home/jose/workspace/dev/hospital-management-application/healflow-api/target/generated-sources/openapi/src/main/java/dev/jose/medicines/client/RFC3339InstantDeserializer.java
[INFO] writing file /home/jose/workspace/dev/hospital-management-application/healflow-api/target/generated-sources/openapi/src/main/java/dev/jose/medicines/client/RFC3339JavaTimeModule.java
[INFO] Skipped /home/jose/workspace/dev/hospital-management-application/healflow-api/target/generated-sources/openapi/.openapi-generator-ignore (Skipped by supportingFiles options supplied by user.)
[INFO] writing file /home/jose/workspace/dev/hospital-management-application/healflow-api/target/generated-sources/openapi/.openapi-generator/VERSION
[INFO] writing file /home/jose/workspace/dev/hospital-management-application/healflow-api/target/generated-sources/openapi/.openapi-generator/FILES
############################################################################################
# Thanks for using OpenAPI Generator.                                                      #
# We appreciate your support! Please consider donation to help us maintain this project.   #
# https://opencollective.com/openapi_generator/donate                                      #
############################################################################################
[INFO] 
[INFO] --- resources:3.3.1:resources (default-resources) @ healflow-api ---
[INFO] Copying 2 resources from src/main/resources to target/classes
[INFO] Copying 0 resource from src/main/resources to target/classes
[INFO] 
[INFO] --- compiler:3.14.0:compile (default-compile) @ healflow-api ---
[INFO] Recompiling the module because of changed source code.
[INFO] Compiling 120 source files with javac [debug parameters release 25] to target/classes
[INFO] 
[INFO] --- resources:3.3.1:testResources (default-testResources) @ healflow-api ---
[INFO] skip non existing resourceDirectory /home/jose/workspace/dev/hospital-management-application/healflow-api/src/test/resources
[INFO] 
[INFO] --- compiler:3.14.0:testCompile (default-testCompile) @ healflow-api ---
[INFO] Recompiling the module because of changed dependency.
[INFO] Compiling 1 source file with javac [debug parameters release 25] to target/test-classes
[INFO] 
[INFO] <<< spring-boot:3.5.6:run (default-cli) < test-compile @ healflow-api <<<
[INFO] 
[INFO] 
[INFO] --- spring-boot:3.5.6:run (default-cli) @ healflow-api ---
[INFO] Attaching agents: []

  .   ____          _            __ _ _
 /\\ / ___'_ __ _ _(_)_ __  __ _ \ \ \ \
( ( )\___ | '_ | '_| | '_ \/ _` | \ \ \ \
 \\/  ___)| |_)| | | | | || (_| |  ) ) ) )
  '  |____| .__|_| |_|_| |_\__, | / / / /
 =========|_|==============|___/=/_/_/_/

 :: Spring Boot ::                (v3.5.6)

2026-02-01T21:10:26.240+01:00  INFO 114951 --- [healflow-api] [  restartedMain] d.j.healflow_api.HealflowApiApplication  : Starting HealflowApiApplication using Java 25 with PID 114951 (/home/jose/workspace/dev/hospital-management-application/healflow-api/target/classes started by jose in /home/jose/workspace/dev/hospital-management-application/healflow-api)
2026-02-01T21:10:26.242+01:00  INFO 114951 --- [healflow-api] [  restartedMain] d.j.healflow_api.HealflowApiApplication  : The following 1 profile is active: "dev"
2026-02-01T21:10:26.273+01:00  INFO 114951 --- [healflow-api] [  restartedMain] .e.DevToolsPropertyDefaultsPostProcessor : Devtools property defaults active! Set 'spring.devtools.add-properties' to 'false' to disable
2026-02-01T21:10:26.273+01:00  INFO 114951 --- [healflow-api] [  restartedMain] .e.DevToolsPropertyDefaultsPostProcessor : For additional web related logging consider setting the 'logging.level.web' property to 'DEBUG'
2026-02-01T21:10:27.064+01:00  INFO 114951 --- [healflow-api] [  restartedMain] .s.d.r.c.RepositoryConfigurationDelegate : Bootstrapping Spring Data JPA repositories in DEFAULT mode.
2026-02-01T21:10:27.112+01:00  INFO 114951 --- [healflow-api] [  restartedMain] .s.d.r.c.RepositoryConfigurationDelegate : Finished Spring Data repository scanning in 42 ms. Found 7 JPA repository interfaces.
2026-02-01T21:10:27.547+01:00  INFO 114951 --- [healflow-api] [  restartedMain] o.s.b.w.embedded.tomcat.TomcatWebServer  : Tomcat initialized with port 8080 (http)
2026-02-01T21:10:27.556+01:00  INFO 114951 --- [healflow-api] [  restartedMain] o.apache.catalina.core.StandardService   : Starting service [Tomcat]
2026-02-01T21:10:27.556+01:00  INFO 114951 --- [healflow-api] [  restartedMain] o.apache.catalina.core.StandardEngine    : Starting Servlet engine: [Apache Tomcat/10.1.46]
2026-02-01T21:10:27.577+01:00  INFO 114951 --- [healflow-api] [  restartedMain] o.a.c.c.C.[Tomcat].[localhost].[/]       : Initializing Spring embedded WebApplicationContext
2026-02-01T21:10:27.577+01:00  INFO 114951 --- [healflow-api] [  restartedMain] w.s.c.ServletWebServerApplicationContext : Root WebApplicationContext: initialization completed in 1303 ms
2026-02-01T21:10:27.801+01:00  INFO 114951 --- [healflow-api] [  restartedMain] o.hibernate.jpa.internal.util.LogHelper  : HHH000204: Processing PersistenceUnitInfo [name: default]
2026-02-01T21:10:27.848+01:00  INFO 114951 --- [healflow-api] [  restartedMain] org.hibernate.Version                    : HHH000412: Hibernate ORM core version 6.6.29.Final
2026-02-01T21:10:27.897+01:00  INFO 114951 --- [healflow-api] [  restartedMain] o.h.c.internal.RegionFactoryInitiator    : HHH000026: Second-level cache disabled
2026-02-01T21:10:28.083+01:00  INFO 114951 --- [healflow-api] [  restartedMain] o.s.o.j.p.SpringPersistenceUnitInfo      : No LoadTimeWeaver setup: ignoring JPA class transformer
2026-02-01T21:10:28.099+01:00  INFO 114951 --- [healflow-api] [  restartedMain] com.zaxxer.hikari.HikariDataSource       : HikariPool-1 - Starting...
2026-02-01T21:10:28.209+01:00  INFO 114951 --- [healflow-api] [  restartedMain] com.zaxxer.hikari.pool.HikariPool        : HikariPool-1 - Added connection conn0: url=jdbc:h2:mem:hospital_db user=SA
2026-02-01T21:10:28.210+01:00  INFO 114951 --- [healflow-api] [  restartedMain] com.zaxxer.hikari.HikariDataSource       : HikariPool-1 - Start completed.
2026-02-01T21:10:28.223+01:00  WARN 114951 --- [healflow-api] [  restartedMain] org.hibernate.orm.deprecation            : HHH90000025: H2Dialect does not need to be specified explicitly using 'hibernate.dialect' (remove the property setting and it will be selected by default)
2026-02-01T21:10:28.234+01:00  INFO 114951 --- [healflow-api] [  restartedMain] org.hibernate.orm.connections.pooling    : HHH10001005: Database info:
	Database JDBC URL [Connecting through datasource 'HikariDataSource (HikariPool-1)']
	Database driver: undefined/unknown
	Database version: 2.3.232
	Autocommit mode: undefined/unknown
	Isolation level: undefined/unknown
	Minimum pool size: undefined/unknown
	Maximum pool size: undefined/unknown
2026-02-01T21:10:28.832+01:00  INFO 114951 --- [healflow-api] [  restartedMain] o.h.e.t.j.p.i.JtaPlatformInitiator       : HHH000489: No JTA platform available (set 'hibernate.transaction.jta.platform' to enable JTA platform integration)
2026-02-01T21:10:28.874+01:00  INFO 114951 --- [healflow-api] [  restartedMain] j.LocalContainerEntityManagerFactoryBean : Initialized JPA EntityManagerFactory for persistence unit 'default'
2026-02-01T21:10:29.127+01:00  INFO 114951 --- [healflow-api] [  restartedMain] o.s.d.j.r.query.QueryEnhancerFactory     : Hibernate is in classpath; If applicable, HQL parser will be used.
2026-02-01T21:10:30.008+01:00  WARN 114951 --- [healflow-api] [  restartedMain] JpaBaseConfiguration$JpaWebConfiguration : spring.jpa.open-in-view is enabled by default. Therefore, database queries may be performed during view rendering. Explicitly configure spring.jpa.open-in-view to disable this warning
2026-02-01T21:10:30.285+01:00  INFO 114951 --- [healflow-api] [  restartedMain] o.s.b.a.e.web.EndpointLinksResolver      : Exposing 1 endpoint beneath base path '/actuator'
2026-02-01T21:10:30.318+01:00 DEBUG 114951 --- [healflow-api] [  restartedMain] swordEncoderAuthenticationManagerBuilder : No authenticationProviders and no parentAuthenticationManager defined. Returning null.
2026-02-01T21:10:30.448+01:00 DEBUG 114951 --- [healflow-api] [  restartedMain] o.s.s.web.DefaultSecurityFilterChain     : Will secure any request with filters: DisableEncodeUrlFilter, WebAsyncManagerIntegrationFilter, SecurityContextHolderFilter, CorsFilter, LogoutFilter, ApiKeyAuthenticationFilter, BearerTokenAuthenticationFilter, JwtAuthenticationFilter, AuthenticationFilter, RequestCacheAwareFilter, SecurityContextHolderAwareRequestFilter, AnonymousAuthenticationFilter, ExceptionTranslationFilter, AuthorizationFilter
2026-02-01T21:10:30.739+01:00  INFO 114951 --- [healflow-api] [  restartedMain] o.s.b.a.h2.H2ConsoleAutoConfiguration    : H2 console available at '/h2-console'. Database available at 'jdbc:h2:mem:hospital_db'
2026-02-01T21:10:30.775+01:00  INFO 114951 --- [healflow-api] [  restartedMain] o.s.b.d.a.OptionalLiveReloadServer       : LiveReload server is running on port 35729
2026-02-01T21:10:30.833+01:00  INFO 114951 --- [healflow-api] [  restartedMain] o.s.b.w.embedded.tomcat.TomcatWebServer  : Tomcat started on port 8080 (http) with context path '/'
2026-02-01T21:10:30.843+01:00  INFO 114951 --- [healflow-api] [  restartedMain] d.j.healflow_api.HealflowApiApplication  : Started HealflowApiApplication in 4.944 seconds (process running for 5.273)
2026-02-01T21:10:30.914+01:00  INFO 114951 --- [healflow-api] [  restartedMain] d.j.healflow_api.config.DataInitializer  : Initializing database with mock data...
2026-02-01T21:10:30.914+01:00  INFO 114951 --- [healflow-api] [  restartedMain] d.j.healflow_api.config.DataInitializer  : Users checked/created
2026-02-01T21:10:30.914+01:00  INFO 114951 --- [healflow-api] [  restartedMain] d.j.healflow_api.config.DataInitializer  : Specialist types checked/created
2026-02-01T21:10:31.061+01:00  INFO 114951 --- [healflow-api] [  restartedMain] d.j.healflow_api.config.DataInitializer  : Specialists checked/created
2026-02-01T21:10:31.073+01:00  INFO 114951 --- [healflow-api] [  restartedMain] d.j.healflow_api.config.DataInitializer  : Created 25 availability slots
2026-02-01T21:10:31.094+01:00  INFO 114951 --- [healflow-api] [  restartedMain] d.j.healflow_api.config.DataInitializer  : Created appointments
2026-02-01T21:10:31.094+01:00  INFO 114951 --- [healflow-api] [  restartedMain] d.j.healflow_api.config.DataInitializer  : Database initialization completed successfully!
2026-02-01T21:11:01.276+01:00  INFO 114951 --- [healflow-api] [   File Watcher] rtingClassPathChangeChangedEventListener : Restarting due to 47 class path changes (0 additions, 0 deletions, 47 modifications)
2026-02-01T21:11:01.278+01:00  INFO 114951 --- [healflow-api] [       Thread-5] o.s.b.w.e.tomcat.GracefulShutdown        : Commencing graceful shutdown. Waiting for active requests to complete
2026-02-01T21:11:01.284+01:00  INFO 114951 --- [healflow-api] [tomcat-shutdown] o.s.b.w.e.tomcat.GracefulShutdown        : Graceful shutdown complete
2026-02-01T21:11:01.289+01:00  INFO 114951 --- [healflow-api] [       Thread-5] j.LocalContainerEntityManagerFactoryBean : Closing JPA EntityManagerFactory for persistence unit 'default'
2026-02-01T21:11:01.295+01:00  WARN 114951 --- [healflow-api] [       Thread-5] o.s.b.f.support.DisposableBeanAdapter    : Invocation of destroy method failed on bean with name 'inMemoryDatabaseShutdownExecutor': org.h2.jdbc.JdbcSQLNonTransientConnectionException: Database is already closed (to disable automatic closing at VM shutdown, add ";DB_CLOSE_ON_EXIT=FALSE" to the db URL) [90121-232]
2026-02-01T21:11:01.296+01:00  INFO 114951 --- [healflow-api] [       Thread-5] com.zaxxer.hikari.HikariDataSource       : HikariPool-1 - Shutdown initiated...
2026-02-01T21:11:01.297+01:00  INFO 114951 --- [healflow-api] [       Thread-5] com.zaxxer.hikari.HikariDataSource       : HikariPool-1 - Shutdown completed.

  .   ____          _            __ _ _
 /\\ / ___'_ __ _ _(_)_ __  __ _ \ \ \ \
( ( )\___ | '_ | '_| | '_ \/ _` | \ \ \ \
 \\/  ___)| |_)| | | | | || (_| |  ) ) ) )
  '  |____| .__|_| |_|_| |_\__, | / / / /
 =========|_|==============|___/=/_/_/_/

 :: Spring Boot ::                (v3.5.6)

2026-02-01T21:11:01.369+01:00  INFO 114951 --- [healflow-api] [  restartedMain] d.j.healflow_api.HealflowApiApplication  : Starting HealflowApiApplication using Java 25 with PID 114951 (/home/jose/workspace/dev/hospital-management-application/healflow-api/target/classes started by jose in /home/jose/workspace/dev/hospital-management-application/healflow-api)
2026-02-01T21:11:01.369+01:00  INFO 114951 --- [healflow-api] [  restartedMain] d.j.healflow_api.HealflowApiApplication  : The following 1 profile is active: "dev"
2026-02-01T21:11:01.560+01:00  INFO 114951 --- [healflow-api] [  restartedMain] .s.d.r.c.RepositoryConfigurationDelegate : Bootstrapping Spring Data JPA repositories in DEFAULT mode.
2026-02-01T21:11:01.575+01:00  INFO 114951 --- [healflow-api] [  restartedMain] .s.d.r.c.RepositoryConfigurationDelegate : Finished Spring Data repository scanning in 14 ms. Found 7 JPA repository interfaces.
2026-02-01T21:11:01.661+01:00  INFO 114951 --- [healflow-api] [  restartedMain] o.s.b.w.embedded.tomcat.TomcatWebServer  : Tomcat initialized with port 8080 (http)
2026-02-01T21:11:01.662+01:00  INFO 114951 --- [healflow-api] [  restartedMain] o.apache.catalina.core.StandardService   : Starting service [Tomcat]
2026-02-01T21:11:01.662+01:00  INFO 114951 --- [healflow-api] [  restartedMain] o.apache.catalina.core.StandardEngine    : Starting Servlet engine: [Apache Tomcat/10.1.46]
2026-02-01T21:11:01.671+01:00  INFO 114951 --- [healflow-api] [  restartedMain] o.a.c.c.C.[Tomcat].[localhost].[/]       : Initializing Spring embedded WebApplicationContext
2026-02-01T21:11:01.671+01:00  INFO 114951 --- [healflow-api] [  restartedMain] w.s.c.ServletWebServerApplicationContext : Root WebApplicationContext: initialization completed in 301 ms
2026-02-01T21:11:01.763+01:00  INFO 114951 --- [healflow-api] [  restartedMain] o.hibernate.jpa.internal.util.LogHelper  : HHH000204: Processing PersistenceUnitInfo [name: default]
2026-02-01T21:11:01.765+01:00  INFO 114951 --- [healflow-api] [  restartedMain] o.h.c.internal.RegionFactoryInitiator    : HHH000026: Second-level cache disabled
2026-02-01T21:11:01.771+01:00  INFO 114951 --- [healflow-api] [  restartedMain] o.s.o.j.p.SpringPersistenceUnitInfo      : No LoadTimeWeaver setup: ignoring JPA class transformer
2026-02-01T21:11:01.771+01:00  INFO 114951 --- [healflow-api] [  restartedMain] com.zaxxer.hikari.HikariDataSource       : HikariPool-2 - Starting...
2026-02-01T21:11:01.773+01:00  INFO 114951 --- [healflow-api] [  restartedMain] com.zaxxer.hikari.pool.HikariPool        : HikariPool-2 - Added connection conn10: url=jdbc:h2:mem:hospital_db user=SA
2026-02-01T21:11:01.773+01:00  INFO 114951 --- [healflow-api] [  restartedMain] com.zaxxer.hikari.HikariDataSource       : HikariPool-2 - Start completed.
2026-02-01T21:11:01.773+01:00  WARN 114951 --- [healflow-api] [  restartedMain] org.hibernate.orm.deprecation            : HHH90000025: H2Dialect does not need to be specified explicitly using 'hibernate.dialect' (remove the property setting and it will be selected by default)
2026-02-01T21:11:01.774+01:00  INFO 114951 --- [healflow-api] [  restartedMain] org.hibernate.orm.connections.pooling    : HHH10001005: Database info:
	Database JDBC URL [Connecting through datasource 'HikariDataSource (HikariPool-2)']
	Database driver: undefined/unknown
	Database version: 2.3.232
	Autocommit mode: undefined/unknown
	Isolation level: undefined/unknown
	Minimum pool size: undefined/unknown
	Maximum pool size: undefined/unknown
2026-02-01T21:11:01.885+01:00  INFO 114951 --- [healflow-api] [  restartedMain] o.h.e.t.j.p.i.JtaPlatformInitiator       : HHH000489: No JTA platform available (set 'hibernate.transaction.jta.platform' to enable JTA platform integration)
2026-02-01T21:11:01.897+01:00  INFO 114951 --- [healflow-api] [  restartedMain] j.LocalContainerEntityManagerFactoryBean : Initialized JPA EntityManagerFactory for persistence unit 'default'
2026-02-01T21:11:02.119+01:00  WARN 114951 --- [healflow-api] [  restartedMain] JpaBaseConfiguration$JpaWebConfiguration : spring.jpa.open-in-view is enabled by default. Therefore, database queries may be performed during view rendering. Explicitly configure spring.jpa.open-in-view to disable this warning
2026-02-01T21:11:02.241+01:00  INFO 114951 --- [healflow-api] [  restartedMain] o.s.b.a.e.web.EndpointLinksResolver      : Exposing 1 endpoint beneath base path '/actuator'
2026-02-01T21:11:02.265+01:00 DEBUG 114951 --- [healflow-api] [  restartedMain] swordEncoderAuthenticationManagerBuilder : No authenticationProviders and no parentAuthenticationManager defined. Returning null.
2026-02-01T21:11:02.293+01:00 DEBUG 114951 --- [healflow-api] [  restartedMain] o.s.s.web.DefaultSecurityFilterChain     : Will secure any request with filters: DisableEncodeUrlFilter, WebAsyncManagerIntegrationFilter, SecurityContextHolderFilter, CorsFilter, LogoutFilter, ApiKeyAuthenticationFilter, BearerTokenAuthenticationFilter, JwtAuthenticationFilter, AuthenticationFilter, RequestCacheAwareFilter, SecurityContextHolderAwareRequestFilter, AnonymousAuthenticationFilter, ExceptionTranslationFilter, AuthorizationFilter
2026-02-01T21:11:02.405+01:00  INFO 114951 --- [healflow-api] [  restartedMain] o.s.b.a.h2.H2ConsoleAutoConfiguration    : H2 console available at '/h2-console'. Database available at 'jdbc:h2:mem:hospital_db'
2026-02-01T21:11:02.417+01:00  INFO 114951 --- [healflow-api] [  restartedMain] o.s.b.d.a.OptionalLiveReloadServer       : LiveReload server is running on port 35729
2026-02-01T21:11:02.430+01:00  INFO 114951 --- [healflow-api] [  restartedMain] o.s.b.w.embedded.tomcat.TomcatWebServer  : Tomcat started on port 8080 (http) with context path '/'
2026-02-01T21:11:02.435+01:00  INFO 114951 --- [healflow-api] [  restartedMain] d.j.healflow_api.HealflowApiApplication  : Started HealflowApiApplication in 1.083 seconds (process running for 36.866)
2026-02-01T21:11:02.437+01:00  INFO 114951 --- [healflow-api] [  restartedMain] d.j.healflow_api.config.DataInitializer  : Initializing database with mock data...
2026-02-01T21:11:02.437+01:00  INFO 114951 --- [healflow-api] [  restartedMain] d.j.healflow_api.config.DataInitializer  : Users checked/created
2026-02-01T21:11:02.437+01:00  INFO 114951 --- [healflow-api] [  restartedMain] d.j.healflow_api.config.DataInitializer  : Specialist types checked/created
2026-02-01T21:11:02.447+01:00  INFO 114951 --- [healflow-api] [  restartedMain] d.j.healflow_api.config.DataInitializer  : Specialists checked/created
2026-02-01T21:11:02.451+01:00  INFO 114951 --- [healflow-api] [  restartedMain] d.j.healflow_api.config.DataInitializer  : Created 25 availability slots
2026-02-01T21:11:02.466+01:00  INFO 114951 --- [healflow-api] [  restartedMain] d.j.healflow_api.config.DataInitializer  : Created appointments
2026-02-01T21:11:02.466+01:00  INFO 114951 --- [healflow-api] [  restartedMain] d.j.healflow_api.config.DataInitializer  : Database initialization completed successfully!
2026-02-01T21:11:02.473+01:00  INFO 114951 --- [healflow-api] [  restartedMain] .ConditionEvaluationDeltaLoggingListener : Condition evaluation unchanged
2026-02-01T21:11:08.228+01:00  INFO 114951 --- [healflow-api] [nio-8080-exec-1] o.a.c.c.C.[Tomcat].[localhost].[/]       : Initializing Spring DispatcherServlet 'dispatcherServlet'
2026-02-01T21:11:08.228+01:00  INFO 114951 --- [healflow-api] [nio-8080-exec-1] o.s.web.servlet.DispatcherServlet        : Initializing Servlet 'dispatcherServlet'
2026-02-01T21:11:08.229+01:00 DEBUG 114951 --- [healflow-api] [nio-8080-exec-1] o.s.web.servlet.DispatcherServlet        : Detected StandardServletMultipartResolver
2026-02-01T21:11:08.229+01:00 DEBUG 114951 --- [healflow-api] [nio-8080-exec-1] o.s.web.servlet.DispatcherServlet        : Detected AcceptHeaderLocaleResolver
2026-02-01T21:11:08.229+01:00 DEBUG 114951 --- [healflow-api] [nio-8080-exec-1] o.s.web.servlet.DispatcherServlet        : Detected FixedThemeResolver
2026-02-01T21:11:08.229+01:00 DEBUG 114951 --- [healflow-api] [nio-8080-exec-1] o.s.web.servlet.DispatcherServlet        : Detected org.springframework.web.servlet.view.DefaultRequestToViewNameTranslator@8e27e05
2026-02-01T21:11:08.230+01:00 DEBUG 114951 --- [healflow-api] [nio-8080-exec-1] o.s.web.servlet.DispatcherServlet        : Detected org.springframework.web.servlet.support.SessionFlashMapManager@5e9912d9
2026-02-01T21:11:08.230+01:00 DEBUG 114951 --- [healflow-api] [nio-8080-exec-1] o.s.web.servlet.DispatcherServlet        : enableLoggingRequestDetails='false': request parameters and headers will be masked to prevent unsafe logging of potentially sensitive data
2026-02-01T21:11:08.230+01:00  INFO 114951 --- [healflow-api] [nio-8080-exec-1] o.s.web.servlet.DispatcherServlet        : Completed initialization in 1 ms
2026-02-01T21:11:08.250+01:00 DEBUG 114951 --- [healflow-api] [nio-8080-exec-1] o.s.security.web.FilterChainProxy        : Securing GET /v3/api-docs
2026-02-01T21:11:08.266+01:00 DEBUG 114951 --- [healflow-api] [nio-8080-exec-1] o.s.security.web.FilterChainProxy        : Secured GET /v3/api-docs
2026-02-01T21:11:08.269+01:00 DEBUG 114951 --- [healflow-api] [nio-8080-exec-1] o.s.web.servlet.DispatcherServlet        : GET "/v3/api-docs", parameters={}
2026-02-01T21:11:09.021+01:00  INFO 114951 --- [healflow-api] [nio-8080-exec-1] o.springdoc.api.AbstractOpenApiResource  : Init duration for springdoc-openapi is: 730 ms
2026-02-01T21:11:09.056+01:00 DEBUG 114951 --- [healflow-api] [nio-8080-exec-1] o.s.web.servlet.DispatcherServlet        : Completed 200 OK
2026-02-01T21:11:09.057+01:00 DEBUG 114951 --- [healflow-api] [nio-8080-exec-1] o.s.s.w.a.AnonymousAuthenticationFilter  : Set SecurityContextHolder to anonymous SecurityContext
2026-02-01T21:11:21.715+01:00 DEBUG 114951 --- [healflow-api] [nio-8080-exec-2] o.s.security.web.FilterChainProxy        : Securing GET /v3/api-docs
2026-02-01T21:11:21.716+01:00 DEBUG 114951 --- [healflow-api] [nio-8080-exec-2] o.s.security.web.FilterChainProxy        : Secured GET /v3/api-docs
2026-02-01T21:11:21.716+01:00 DEBUG 114951 --- [healflow-api] [nio-8080-exec-2] o.s.web.servlet.DispatcherServlet        : GET "/v3/api-docs", parameters={}
2026-02-01T21:11:21.723+01:00 DEBUG 114951 --- [healflow-api] [nio-8080-exec-2] o.s.web.servlet.DispatcherServlet        : Completed 200 OK
2026-02-01T21:11:21.723+01:00 DEBUG 114951 --- [healflow-api] [nio-8080-exec-2] o.s.s.w.a.AnonymousAuthenticationFilter  : Set SecurityContextHolder to anonymous SecurityContext
2026-02-01T21:19:18.475+01:00  INFO 114951 --- [healflow-api] [   File Watcher] rtingClassPathChangeChangedEventListener : Restarting due to 177 class path changes (0 additions, 177 deletions, 0 modifications)
2026-02-01T21:19:18.477+01:00  INFO 114951 --- [healflow-api] [       Thread-7] o.s.b.w.e.tomcat.GracefulShutdown        : Commencing graceful shutdown. Waiting for active requests to complete
2026-02-01T21:19:18.478+01:00  INFO 114951 --- [healflow-api] [tomcat-shutdown] o.s.b.w.e.tomcat.GracefulShutdown        : Graceful shutdown complete
2026-02-01T21:19:18.480+01:00  INFO 114951 --- [healflow-api] [       Thread-7] j.LocalContainerEntityManagerFactoryBean : Closing JPA EntityManagerFactory for persistence unit 'default'
2026-02-01T21:19:18.482+01:00  WARN 114951 --- [healflow-api] [       Thread-7] o.s.b.f.support.DisposableBeanAdapter    : Invocation of destroy method failed on bean with name 'inMemoryDatabaseShutdownExecutor': org.h2.jdbc.JdbcSQLNonTransientConnectionException: Database is already closed (to disable automatic closing at VM shutdown, add ";DB_CLOSE_ON_EXIT=FALSE" to the db URL) [90121-232]
2026-02-01T21:19:18.483+01:00  INFO 114951 --- [healflow-api] [       Thread-7] com.zaxxer.hikari.HikariDataSource       : HikariPool-2 - Shutdown initiated...
2026-02-01T21:19:18.483+01:00  INFO 114951 --- [healflow-api] [       Thread-7] com.zaxxer.hikari.HikariDataSource       : HikariPool-2 - Shutdown completed.

  .   ____          _            __ _ _
 /\\ / ___'_ __ _ _(_)_ __  __ _ \ \ \ \
( ( )\___ | '_ | '_| | '_ \/ _` | \ \ \ \
 \\/  ___)| |_)| | | | | || (_| |  ) ) ) )
  '  |____| .__|_| |_|_| |_\__, | / / / /
 =========|_|==============|___/=/_/_/_/

 :: Spring Boot ::                (v3.5.6)

2026-02-01T21:19:18.561+01:00  INFO 114951 --- [healflow-api] [  restartedMain] d.j.healflow_api.HealflowApiApplication  : Starting HealflowApiApplication using Java 25 with PID 114951 (started by jose in /home/jose/workspace/dev/hospital-management-application/healflow-api)
2026-02-01T21:19:18.561+01:00  INFO 114951 --- [healflow-api] [  restartedMain] d.j.healflow_api.HealflowApiApplication  : The following 1 profile is active: "dev"
2026-02-01T21:19:18.807+01:00  INFO 114951 --- [healflow-api] [  restartedMain] .s.d.r.c.RepositoryConfigurationDelegate : Bootstrapping Spring Data JPA repositories in DEFAULT mode.
2026-02-01T21:19:18.808+01:00  INFO 114951 --- [healflow-api] [  restartedMain] .s.d.r.c.RepositoryConfigurationDelegate : Finished Spring Data repository scanning in 0 ms. Found 0 JPA repository interfaces.
2026-02-01T21:19:18.901+01:00  INFO 114951 --- [healflow-api] [  restartedMain] o.s.b.w.embedded.tomcat.TomcatWebServer  : Tomcat initialized with port 8080 (http)
2026-02-01T21:19:18.903+01:00  INFO 114951 --- [healflow-api] [  restartedMain] o.apache.catalina.core.StandardService   : Starting service [Tomcat]
2026-02-01T21:19:18.903+01:00  INFO 114951 --- [healflow-api] [  restartedMain] o.apache.catalina.core.StandardEngine    : Starting Servlet engine: [Apache Tomcat/10.1.46]
2026-02-01T21:19:18.910+01:00  INFO 114951 --- [healflow-api] [  restartedMain] o.a.c.c.C.[Tomcat].[localhost].[/]       : Initializing Spring embedded WebApplicationContext
2026-02-01T21:19:18.910+01:00  INFO 114951 --- [healflow-api] [  restartedMain] w.s.c.ServletWebServerApplicationContext : Root WebApplicationContext: initialization completed in 347 ms
2026-02-01T21:19:18.985+01:00  INFO 114951 --- [healflow-api] [  restartedMain] com.zaxxer.hikari.HikariDataSource       : HikariPool-3 - Starting...
2026-02-01T21:19:18.987+01:00  INFO 114951 --- [healflow-api] [  restartedMain] com.zaxxer.hikari.pool.HikariPool        : HikariPool-3 - Added connection conn20: url=jdbc:h2:mem:3de684fc-c6b5-42a8-b0d4-acc21f81a95a user=SA
2026-02-01T21:19:18.987+01:00  INFO 114951 --- [healflow-api] [  restartedMain] com.zaxxer.hikari.HikariDataSource       : HikariPool-3 - Start completed.
2026-02-01T21:19:18.995+01:00  INFO 114951 --- [healflow-api] [  restartedMain] o.hibernate.jpa.internal.util.LogHelper  : HHH000204: Processing PersistenceUnitInfo [name: default]
2026-02-01T21:19:18.996+01:00  INFO 114951 --- [healflow-api] [  restartedMain] o.h.c.internal.RegionFactoryInitiator    : HHH000026: Second-level cache disabled
2026-02-01T21:19:19.001+01:00  INFO 114951 --- [healflow-api] [  restartedMain] o.s.o.j.p.SpringPersistenceUnitInfo      : No LoadTimeWeaver setup: ignoring JPA class transformer
2026-02-01T21:19:19.018+01:00  INFO 114951 --- [healflow-api] [  restartedMain] org.hibernate.orm.connections.pooling    : HHH10001005: Database info:
	Database JDBC URL [Connecting through datasource 'HikariDataSource (HikariPool-3)']
	Database driver: undefined/unknown
	Database version: 2.3.232
	Autocommit mode: undefined/unknown
	Isolation level: undefined/unknown
	Minimum pool size: undefined/unknown
	Maximum pool size: undefined/unknown
2026-02-01T21:19:19.029+01:00  INFO 114951 --- [healflow-api] [  restartedMain] o.h.e.t.j.p.i.JtaPlatformInitiator       : HHH000489: No JTA platform available (set 'hibernate.transaction.jta.platform' to enable JTA platform integration)
2026-02-01T21:19:19.029+01:00  INFO 114951 --- [healflow-api] [  restartedMain] j.LocalContainerEntityManagerFactoryBean : Initialized JPA EntityManagerFactory for persistence unit 'default'
2026-02-01T21:19:19.047+01:00  WARN 114951 --- [healflow-api] [  restartedMain] JpaBaseConfiguration$JpaWebConfiguration : spring.jpa.open-in-view is enabled by default. Therefore, database queries may be performed during view rendering. Explicitly configure spring.jpa.open-in-view to disable this warning
2026-02-01T21:19:19.257+01:00  INFO 114951 --- [healflow-api] [  restartedMain] o.s.b.a.e.web.EndpointLinksResolver      : Exposing 1 endpoint beneath base path '/actuator'
2026-02-01T21:19:19.282+01:00  INFO 114951 --- [healflow-api] [  restartedMain] o.s.b.a.h2.H2ConsoleAutoConfiguration    : H2 console available at '/h2-console'. Database available at 'jdbc:h2:mem:3de684fc-c6b5-42a8-b0d4-acc21f81a95a'
2026-02-01T21:19:19.299+01:00  INFO 114951 --- [healflow-api] [  restartedMain] o.s.b.d.a.OptionalLiveReloadServer       : LiveReload server is running on port 35729
2026-02-01T21:19:19.313+01:00  INFO 114951 --- [healflow-api] [  restartedMain] o.s.b.w.embedded.tomcat.TomcatWebServer  : Tomcat started on port 8080 (http) with context path '/'
2026-02-01T21:19:19.318+01:00  INFO 114951 --- [healflow-api] [  restartedMain] d.j.healflow_api.HealflowApiApplication  : Started HealflowApiApplication in 0.779 seconds (process running for 533.749)
2026-02-01T21:19:20.700+01:00  INFO 114951 --- [healflow-api] [   File Watcher] rtingClassPathChangeChangedEventListener : Restarting due to 2 class path changes (2 additions, 0 deletions, 0 modifications)
2026-02-01T21:19:20.701+01:00  INFO 114951 --- [healflow-api] [      Thread-12] o.s.b.w.e.tomcat.GracefulShutdown        : Commencing graceful shutdown. Waiting for active requests to complete
2026-02-01T21:19:20.702+01:00  INFO 114951 --- [healflow-api] [tomcat-shutdown] o.s.b.w.e.tomcat.GracefulShutdown        : Graceful shutdown complete
2026-02-01T21:19:20.703+01:00  INFO 114951 --- [healflow-api] [      Thread-12] j.LocalContainerEntityManagerFactoryBean : Closing JPA EntityManagerFactory for persistence unit 'default'
2026-02-01T21:19:20.704+01:00  WARN 114951 --- [healflow-api] [      Thread-12] o.s.b.f.support.DisposableBeanAdapter    : Invocation of destroy method failed on bean with name 'inMemoryDatabaseShutdownExecutor': org.h2.jdbc.JdbcSQLNonTransientConnectionException: Database is already closed (to disable automatic closing at VM shutdown, add ";DB_CLOSE_ON_EXIT=FALSE" to the db URL) [90121-232]
2026-02-01T21:19:20.704+01:00  INFO 114951 --- [healflow-api] [      Thread-12] com.zaxxer.hikari.HikariDataSource       : HikariPool-3 - Shutdown initiated...
2026-02-01T21:19:20.705+01:00  INFO 114951 --- [healflow-api] [      Thread-12] com.zaxxer.hikari.HikariDataSource       : HikariPool-3 - Shutdown completed.

  .   ____          _            __ _ _
 /\\ / ___'_ __ _ _(_)_ __  __ _ \ \ \ \
( ( )\___ | '_ | '_| | '_ \/ _` | \ \ \ \
 \\/  ___)| |_)| | | | | || (_| |  ) ) ) )
  '  |____| .__|_| |_|_| |_\__, | / / / /
 =========|_|==============|___/=/_/_/_/

 :: Spring Boot ::                (v3.5.6)

2026-02-01T21:19:20.770+01:00  INFO 114951 --- [healflow-api] [  restartedMain] d.j.healflow_api.HealflowApiApplication  : Starting HealflowApiApplication using Java 25 with PID 114951 (/home/jose/workspace/dev/hospital-management-application/healflow-api/target/classes started by jose in /home/jose/workspace/dev/hospital-management-application/healflow-api)
2026-02-01T21:19:20.771+01:00  INFO 114951 --- [healflow-api] [  restartedMain] d.j.healflow_api.HealflowApiApplication  : The following 1 profile is active: "dev"
2026-02-01T21:19:20.920+01:00  INFO 114951 --- [healflow-api] [  restartedMain] .s.d.r.c.RepositoryConfigurationDelegate : Bootstrapping Spring Data JPA repositories in DEFAULT mode.
2026-02-01T21:19:20.921+01:00  INFO 114951 --- [healflow-api] [  restartedMain] .s.d.r.c.RepositoryConfigurationDelegate : Finished Spring Data repository scanning in 0 ms. Found 0 JPA repository interfaces.
2026-02-01T21:19:20.978+01:00  INFO 114951 --- [healflow-api] [  restartedMain] o.s.b.w.embedded.tomcat.TomcatWebServer  : Tomcat initialized with port 8080 (http)
2026-02-01T21:19:20.979+01:00  INFO 114951 --- [healflow-api] [  restartedMain] o.apache.catalina.core.StandardService   : Starting service [Tomcat]
2026-02-01T21:19:20.979+01:00  INFO 114951 --- [healflow-api] [  restartedMain] o.apache.catalina.core.StandardEngine    : Starting Servlet engine: [Apache Tomcat/10.1.46]
2026-02-01T21:19:20.984+01:00  INFO 114951 --- [healflow-api] [  restartedMain] o.a.c.c.C.[Tomcat].[localhost].[/]       : Initializing Spring embedded WebApplicationContext
2026-02-01T21:19:20.984+01:00  INFO 114951 --- [healflow-api] [  restartedMain] w.s.c.ServletWebServerApplicationContext : Root WebApplicationContext: initialization completed in 212 ms
2026-02-01T21:19:21.033+01:00  INFO 114951 --- [healflow-api] [  restartedMain] o.hibernate.jpa.internal.util.LogHelper  : HHH000204: Processing PersistenceUnitInfo [name: default]
2026-02-01T21:19:21.034+01:00  INFO 114951 --- [healflow-api] [  restartedMain] o.h.c.internal.RegionFactoryInitiator    : HHH000026: Second-level cache disabled
2026-02-01T21:19:21.038+01:00  INFO 114951 --- [healflow-api] [  restartedMain] o.s.o.j.p.SpringPersistenceUnitInfo      : No LoadTimeWeaver setup: ignoring JPA class transformer
2026-02-01T21:19:21.039+01:00  INFO 114951 --- [healflow-api] [  restartedMain] com.zaxxer.hikari.HikariDataSource       : HikariPool-4 - Starting...
2026-02-01T21:19:21.041+01:00  INFO 114951 --- [healflow-api] [  restartedMain] com.zaxxer.hikari.pool.HikariPool        : HikariPool-4 - Added connection conn30: url=jdbc:h2:mem:hospital_db user=SA
2026-02-01T21:19:21.041+01:00  INFO 114951 --- [healflow-api] [  restartedMain] com.zaxxer.hikari.HikariDataSource       : HikariPool-4 - Start completed.
2026-02-01T21:19:21.041+01:00  WARN 114951 --- [healflow-api] [  restartedMain] org.hibernate.orm.deprecation            : HHH90000025: H2Dialect does not need to be specified explicitly using 'hibernate.dialect' (remove the property setting and it will be selected by default)
2026-02-01T21:19:21.042+01:00  INFO 114951 --- [healflow-api] [  restartedMain] org.hibernate.orm.connections.pooling    : HHH10001005: Database info:
	Database JDBC URL [Connecting through datasource 'HikariDataSource (HikariPool-4)']
	Database driver: undefined/unknown
	Database version: 2.3.232
	Autocommit mode: undefined/unknown
	Isolation level: undefined/unknown
	Minimum pool size: undefined/unknown
	Maximum pool size: undefined/unknown
2026-02-01T21:19:21.051+01:00  INFO 114951 --- [healflow-api] [  restartedMain] o.h.e.t.j.p.i.JtaPlatformInitiator       : HHH000489: No JTA platform available (set 'hibernate.transaction.jta.platform' to enable JTA platform integration)
2026-02-01T21:19:21.051+01:00  INFO 114951 --- [healflow-api] [  restartedMain] j.LocalContainerEntityManagerFactoryBean : Initialized JPA EntityManagerFactory for persistence unit 'default'
2026-02-01T21:19:21.066+01:00  WARN 114951 --- [healflow-api] [  restartedMain] JpaBaseConfiguration$JpaWebConfiguration : spring.jpa.open-in-view is enabled by default. Therefore, database queries may be performed during view rendering. Explicitly configure spring.jpa.open-in-view to disable this warning
2026-02-01T21:19:21.194+01:00 DEBUG 114951 --- [healflow-api] [  restartedMain] swordEncoderAuthenticationManagerBuilder : No authenticationProviders and no parentAuthenticationManager defined. Returning null.
2026-02-01T21:19:21.204+01:00 DEBUG 114951 --- [healflow-api] [  restartedMain] o.s.s.web.DefaultSecurityFilterChain     : Will secure any request with filters: DisableEncodeUrlFilter, WebAsyncManagerIntegrationFilter, SecurityContextHolderFilter, HeaderWriterFilter, CsrfFilter, LogoutFilter, BearerTokenAuthenticationFilter, AuthenticationFilter, RequestCacheAwareFilter, SecurityContextHolderAwareRequestFilter, AnonymousAuthenticationFilter, ExceptionTranslationFilter, AuthorizationFilter
2026-02-01T21:19:21.216+01:00  INFO 114951 --- [healflow-api] [  restartedMain] o.s.b.a.h2.H2ConsoleAutoConfiguration    : H2 console available at '/h2-console'. Database available at 'jdbc:h2:mem:hospital_db'
2026-02-01T21:19:21.223+01:00  INFO 114951 --- [healflow-api] [  restartedMain] o.s.b.a.e.web.EndpointLinksResolver      : Exposing 1 endpoint beneath base path '/actuator'
2026-02-01T21:19:21.237+01:00  INFO 114951 --- [healflow-api] [  restartedMain] o.s.b.d.a.OptionalLiveReloadServer       : LiveReload server is running on port 35729
2026-02-01T21:19:21.250+01:00  INFO 114951 --- [healflow-api] [  restartedMain] o.s.b.w.embedded.tomcat.TomcatWebServer  : Tomcat started on port 8080 (http) with context path '/'
2026-02-01T21:19:21.255+01:00  INFO 114951 --- [healflow-api] [  restartedMain] d.j.healflow_api.HealflowApiApplication  : Started HealflowApiApplication in 0.504 seconds (process running for 535.685)
2026-02-01T21:19:21.258+01:00  INFO 114951 --- [healflow-api] [  restartedMain] .ConditionEvaluationDeltaLoggingListener : Condition evaluation delta:


==========================
CONDITION EVALUATION DELTA
==========================


Positive matches:
-----------------

   OAuth2ResourceServerJwtConfiguration.OAuth2SecurityFilterChainConfiguration matched:
      - AllNestedConditions 2 matched 0 did not; NestedCondition on DefaultWebSecurityCondition.Beans @ConditionalOnMissingBean (types: org.springframework.security.web.SecurityFilterChain; SearchStrategy: all) did not find any beans; NestedCondition on DefaultWebSecurityCondition.Classes @ConditionalOnClass found required classes 'org.springframework.security.web.SecurityFilterChain', 'org.springframework.security.config.annotation.web.builders.HttpSecurity' (DefaultWebSecurityCondition)

   OAuth2ResourceServerJwtConfiguration.OAuth2SecurityFilterChainConfiguration#jwtSecurityFilterChain matched:
      - @ConditionalOnBean (types: org.springframework.security.oauth2.jwt.JwtDecoder; SearchStrategy: all) found bean 'jwtDecoderByJwkKeySetUri' (OnBeanCondition)

   SpringBootWebSecurityConfiguration.WebSecurityEnablerConfiguration matched:
      - @ConditionalOnClass found required class 'org.springframework.security.config.annotation.web.configuration.EnableWebSecurity' (OnClassCondition)
      - @ConditionalOnMissingBean (names: springSecurityFilterChain; SearchStrategy: all) did not find any beans (OnBeanCondition)

   WebMvcAutoConfiguration.ProblemDetailsErrorHandlingConfiguration#problemDetailsExceptionHandler matched:
      - @ConditionalOnMissingBean (types: org.springframework.web.servlet.mvc.method.annotation.ResponseEntityExceptionHandler; SearchStrategy: all) did not find any beans (OnBeanCondition)


Negative matches:
-----------------

    None


Exclusions:
-----------

    None


Unconditional classes:
----------------------

    None



2026-02-01T21:19:23.450+01:00  INFO 114951 --- [healflow-api] [   File Watcher] rtingClassPathChangeChangedEventListener : Restarting due to 175 class path changes (175 additions, 0 deletions, 0 modifications)
2026-02-01T21:19:23.451+01:00  INFO 114951 --- [healflow-api] [      Thread-16] o.s.b.w.e.tomcat.GracefulShutdown        : Commencing graceful shutdown. Waiting for active requests to complete
2026-02-01T21:19:23.452+01:00  INFO 114951 --- [healflow-api] [tomcat-shutdown] o.s.b.w.e.tomcat.GracefulShutdown        : Graceful shutdown complete
2026-02-01T21:19:23.453+01:00  INFO 114951 --- [healflow-api] [      Thread-16] j.LocalContainerEntityManagerFactoryBean : Closing JPA EntityManagerFactory for persistence unit 'default'
2026-02-01T21:19:23.454+01:00  WARN 114951 --- [healflow-api] [      Thread-16] o.s.b.f.support.DisposableBeanAdapter    : Invocation of destroy method failed on bean with name 'inMemoryDatabaseShutdownExecutor': org.h2.jdbc.JdbcSQLNonTransientConnectionException: Database is already closed (to disable automatic closing at VM shutdown, add ";DB_CLOSE_ON_EXIT=FALSE" to the db URL) [90121-232]
2026-02-01T21:19:23.454+01:00  INFO 114951 --- [healflow-api] [      Thread-16] com.zaxxer.hikari.HikariDataSource       : HikariPool-4 - Shutdown initiated...
2026-02-01T21:19:23.454+01:00  INFO 114951 --- [healflow-api] [      Thread-16] com.zaxxer.hikari.HikariDataSource       : HikariPool-4 - Shutdown completed.

  .   ____          _            __ _ _
 /\\ / ___'_ __ _ _(_)_ __  __ _ \ \ \ \
( ( )\___ | '_ | '_| | '_ \/ _` | \ \ \ \
 \\/  ___)| |_)| | | | | || (_| |  ) ) ) )
  '  |____| .__|_| |_|_| |_\__, | / / / /
 =========|_|==============|___/=/_/_/_/

 :: Spring Boot ::                (v3.5.6)

2026-02-01T21:19:23.509+01:00  INFO 114951 --- [healflow-api] [  restartedMain] d.j.healflow_api.HealflowApiApplication  : Starting HealflowApiApplication using Java 25 with PID 114951 (/home/jose/workspace/dev/hospital-management-application/healflow-api/target/classes started by jose in /home/jose/workspace/dev/hospital-management-application/healflow-api)
2026-02-01T21:19:23.509+01:00  INFO 114951 --- [healflow-api] [  restartedMain] d.j.healflow_api.HealflowApiApplication  : The following 1 profile is active: "dev"
2026-02-01T21:19:23.704+01:00  INFO 114951 --- [healflow-api] [  restartedMain] .s.d.r.c.RepositoryConfigurationDelegate : Bootstrapping Spring Data JPA repositories in DEFAULT mode.
2026-02-01T21:19:23.719+01:00  INFO 114951 --- [healflow-api] [  restartedMain] .s.d.r.c.RepositoryConfigurationDelegate : Finished Spring Data repository scanning in 14 ms. Found 7 JPA repository interfaces.
2026-02-01T21:19:23.821+01:00  INFO 114951 --- [healflow-api] [  restartedMain] o.s.b.w.embedded.tomcat.TomcatWebServer  : Tomcat initialized with port 8080 (http)
2026-02-01T21:19:23.821+01:00  INFO 114951 --- [healflow-api] [  restartedMain] o.apache.catalina.core.StandardService   : Starting service [Tomcat]
2026-02-01T21:19:23.822+01:00  INFO 114951 --- [healflow-api] [  restartedMain] o.apache.catalina.core.StandardEngine    : Starting Servlet engine: [Apache Tomcat/10.1.46]
2026-02-01T21:19:23.827+01:00  INFO 114951 --- [healflow-api] [  restartedMain] o.a.c.c.C.[Tomcat].[localhost].[/]       : Initializing Spring embedded WebApplicationContext
2026-02-01T21:19:23.827+01:00  INFO 114951 --- [healflow-api] [  restartedMain] w.s.c.ServletWebServerApplicationContext : Root WebApplicationContext: initialization completed in 317 ms
2026-02-01T21:19:23.914+01:00  INFO 114951 --- [healflow-api] [  restartedMain] o.hibernate.jpa.internal.util.LogHelper  : HHH000204: Processing PersistenceUnitInfo [name: default]
2026-02-01T21:19:23.915+01:00  INFO 114951 --- [healflow-api] [  restartedMain] o.h.c.internal.RegionFactoryInitiator    : HHH000026: Second-level cache disabled
2026-02-01T21:19:23.922+01:00  INFO 114951 --- [healflow-api] [  restartedMain] o.s.o.j.p.SpringPersistenceUnitInfo      : No LoadTimeWeaver setup: ignoring JPA class transformer
2026-02-01T21:19:23.923+01:00  INFO 114951 --- [healflow-api] [  restartedMain] com.zaxxer.hikari.HikariDataSource       : HikariPool-5 - Starting...
2026-02-01T21:19:23.925+01:00  INFO 114951 --- [healflow-api] [  restartedMain] com.zaxxer.hikari.pool.HikariPool        : HikariPool-5 - Added connection conn40: url=jdbc:h2:mem:hospital_db user=SA
2026-02-01T21:19:23.925+01:00  INFO 114951 --- [healflow-api] [  restartedMain] com.zaxxer.hikari.HikariDataSource       : HikariPool-5 - Start completed.
2026-02-01T21:19:23.925+01:00  WARN 114951 --- [healflow-api] [  restartedMain] org.hibernate.orm.deprecation            : HHH90000025: H2Dialect does not need to be specified explicitly using 'hibernate.dialect' (remove the property setting and it will be selected by default)
2026-02-01T21:19:23.926+01:00  INFO 114951 --- [healflow-api] [  restartedMain] org.hibernate.orm.connections.pooling    : HHH10001005: Database info:
	Database JDBC URL [Connecting through datasource 'HikariDataSource (HikariPool-5)']
	Database driver: undefined/unknown
	Database version: 2.3.232
	Autocommit mode: undefined/unknown
	Isolation level: undefined/unknown
	Minimum pool size: undefined/unknown
	Maximum pool size: undefined/unknown
2026-02-01T21:19:24.462+01:00  INFO 114951 --- [healflow-api] [  restartedMain] o.h.e.t.j.p.i.JtaPlatformInitiator       : HHH000489: No JTA platform available (set 'hibernate.transaction.jta.platform' to enable JTA platform integration)
2026-02-01T21:19:24.475+01:00  INFO 114951 --- [healflow-api] [  restartedMain] j.LocalContainerEntityManagerFactoryBean : Initialized JPA EntityManagerFactory for persistence unit 'default'
2026-02-01T21:19:24.763+01:00  WARN 114951 --- [healflow-api] [  restartedMain] JpaBaseConfiguration$JpaWebConfiguration : spring.jpa.open-in-view is enabled by default. Therefore, database queries may be performed during view rendering. Explicitly configure spring.jpa.open-in-view to disable this warning
2026-02-01T21:19:24.914+01:00  INFO 114951 --- [healflow-api] [  restartedMain] o.s.b.a.e.web.EndpointLinksResolver      : Exposing 1 endpoint beneath base path '/actuator'
2026-02-01T21:19:24.939+01:00 DEBUG 114951 --- [healflow-api] [  restartedMain] swordEncoderAuthenticationManagerBuilder : No authenticationProviders and no parentAuthenticationManager defined. Returning null.
2026-02-01T21:19:24.968+01:00 DEBUG 114951 --- [healflow-api] [  restartedMain] o.s.s.web.DefaultSecurityFilterChain     : Will secure any request with filters: DisableEncodeUrlFilter, WebAsyncManagerIntegrationFilter, SecurityContextHolderFilter, CorsFilter, LogoutFilter, ApiKeyAuthenticationFilter, BearerTokenAuthenticationFilter, JwtAuthenticationFilter, AuthenticationFilter, RequestCacheAwareFilter, SecurityContextHolderAwareRequestFilter, AnonymousAuthenticationFilter, ExceptionTranslationFilter, AuthorizationFilter
2026-02-01T21:19:25.097+01:00  INFO 114951 --- [healflow-api] [  restartedMain] o.s.b.a.h2.H2ConsoleAutoConfiguration    : H2 console available at '/h2-console'. Database available at 'jdbc:h2:mem:hospital_db'
2026-02-01T21:19:25.109+01:00  INFO 114951 --- [healflow-api] [  restartedMain] o.s.b.d.a.OptionalLiveReloadServer       : LiveReload server is running on port 35729
2026-02-01T21:19:25.120+01:00  INFO 114951 --- [healflow-api] [  restartedMain] o.s.b.w.embedded.tomcat.TomcatWebServer  : Tomcat started on port 8080 (http) with context path '/'
2026-02-01T21:19:25.125+01:00  INFO 114951 --- [healflow-api] [  restartedMain] d.j.healflow_api.HealflowApiApplication  : Started HealflowApiApplication in 1.63 seconds (process running for 539.555)
2026-02-01T21:19:25.126+01:00  INFO 114951 --- [healflow-api] [  restartedMain] d.j.healflow_api.config.DataInitializer  : Initializing database with mock data...
2026-02-01T21:19:25.126+01:00  INFO 114951 --- [healflow-api] [  restartedMain] d.j.healflow_api.config.DataInitializer  : Users checked/created
2026-02-01T21:19:25.126+01:00  INFO 114951 --- [healflow-api] [  restartedMain] d.j.healflow_api.config.DataInitializer  : Specialist types checked/created
2026-02-01T21:19:25.137+01:00  INFO 114951 --- [healflow-api] [  restartedMain] d.j.healflow_api.config.DataInitializer  : Specialists checked/created
2026-02-01T21:19:25.144+01:00  INFO 114951 --- [healflow-api] [  restartedMain] d.j.healflow_api.config.DataInitializer  : Created 25 availability slots
2026-02-01T21:19:25.162+01:00  INFO 114951 --- [healflow-api] [  restartedMain] d.j.healflow_api.config.DataInitializer  : Created appointments
2026-02-01T21:19:25.163+01:00  INFO 114951 --- [healflow-api] [  restartedMain] d.j.healflow_api.config.DataInitializer  : Database initialization completed successfully!
2026-02-01T21:19:25.168+01:00  INFO 114951 --- [healflow-api] [  restartedMain] .ConditionEvaluationDeltaLoggingListener : Condition evaluation delta:


==========================
CONDITION EVALUATION DELTA
==========================


Positive matches:
-----------------

    None


Negative matches:
-----------------

   OAuth2ResourceServerJwtConfiguration.OAuth2SecurityFilterChainConfiguration:
      Did not match:
         - AllNestedConditions 1 matched 1 did not; NestedCondition on DefaultWebSecurityCondition.Beans @ConditionalOnMissingBean (types: org.springframework.security.web.SecurityFilterChain; SearchStrategy: all) found beans of type 'org.springframework.security.web.SecurityFilterChain' devFilterChain; NestedCondition on DefaultWebSecurityCondition.Classes @ConditionalOnClass found required classes 'org.springframework.security.web.SecurityFilterChain', 'org.springframework.security.config.annotation.web.builders.HttpSecurity' (DefaultWebSecurityCondition)

   SpringBootWebSecurityConfiguration.WebSecurityEnablerConfiguration:
      Did not match:
         - @ConditionalOnMissingBean (names: springSecurityFilterChain; SearchStrategy: all) found beans named springSecurityFilterChain (OnBeanCondition)
      Matched:
         - @ConditionalOnClass found required class 'org.springframework.security.config.annotation.web.configuration.EnableWebSecurity' (OnClassCondition)

   WebMvcAutoConfiguration.ProblemDetailsErrorHandlingConfiguration#problemDetailsExceptionHandler:
      Did not match:
         - @ConditionalOnMissingBean (types: org.springframework.web.servlet.mvc.method.annotation.ResponseEntityExceptionHandler; SearchStrategy: all) found beans of type 'org.springframework.web.servlet.mvc.method.annotation.ResponseEntityExceptionHandler' globalExceptionHandler (OnBeanCondition)


Exclusions:
-----------

    None


Unconditional classes:
----------------------

    None



2026-02-01T21:19:51.962+01:00  INFO 114951 --- [healflow-api] [ionShutdownHook] o.s.b.w.e.tomcat.GracefulShutdown        : Commencing graceful shutdown. Waiting for active requests to complete
2026-02-01T21:19:51.963+01:00  INFO 114951 --- [healflow-api] [tomcat-shutdown] o.s.b.w.e.tomcat.GracefulShutdown        : Graceful shutdown complete
2026-02-01T21:19:51.965+01:00  INFO 114951 --- [healflow-api] [ionShutdownHook] j.LocalContainerEntityManagerFactoryBean : Closing JPA EntityManagerFactory for persistence unit 'default'
2026-02-01T21:19:51.967+01:00  WARN 114951 --- [healflow-api] [ionShutdownHook] o.s.b.f.support.DisposableBeanAdapter    : Invocation of destroy method failed on bean with name 'inMemoryDatabaseShutdownExecutor': org.h2.jdbc.JdbcSQLNonTransientConnectionException: Database is already closed (to disable automatic closing at VM shutdown, add ";DB_CLOSE_ON_EXIT=FALSE" to the db URL) [90121-232]
2026-02-01T21:19:51.967+01:00  INFO 114951 --- [healflow-api] [ionShutdownHook] com.zaxxer.hikari.HikariDataSource       : HikariPool-5 - Shutdown initiated...
2026-02-01T21:19:51.968+01:00  INFO 114951 --- [healflow-api] [ionShutdownHook] com.zaxxer.hikari.HikariDataSource       : HikariPool-5 - Shutdown completed.
